app/build/outputs/logs/manifest-merger-debug-report.txt
-- Merging decision tree log ---
manifest
ADDED from src\main\AndroidManifest.xml:2:1-45:12
INJECTED from src\main\AndroidManifest.xml:2:1-45:12
INJECTED from src\main\AndroidManifest.xml:2:1-45:12
INJECTED from src\main\AndroidManifest.xml:2:1-45:12
MERGED from [:moduleApi] AndroidManifest.xml:2:1-11:12
MERGED from [:modulePdf] AndroidManifest.xml:2:1-25:12
MERGED from [:moduleUHF] AndroidManifest.xml:2:1-23:12
MERGED from [:moduleNFC] AndroidManifest.xml:2:1-38:12
MERGED from [:moduleIflyVoice] AndroidManifest.xml:2:1-146:12
MERGED from [:moduleProcessAlive] AndroidManifest.xml:2:1-36:12
MERGED from [:moduleNotification] AndroidManifest.xml:2:1-13:12
MERGED from [:moduleUHF18000_6C] AndroidManifest.xml:2:1-23:12
MERGED from [:moduleUHF_I6310] AndroidManifest.xml:2:1-25:12
MERGED from [com.android.support:appcompat-v7:25.3.1] AndroidManifest.xml:17:1-31:12
MERGED from [com.android.support:multidex:1.0.2] AndroidManifest.xml:17:1-22:12
MERGED from [:moduleDemo] AndroidManifest.xml:2:1-22:12
MERGED from [:moduleScrollPicture] AndroidManifest.xml:2:1-17:12
MERGED from [:moduleSyncInterface] AndroidManifest.xml:2:1-17:12
MERGED from [:moduleRefresh] AndroidManifest.xml:2:1-17:12
MERGED from [:moduleAppdelegate] AndroidManifest.xml:2:1-11:12
MERGED from [com.android.support:support-v4:25.3.1] AndroidManifest.xml:17:1-31:12
MERGED from [com.android.support:support-fragment:25.3.1] AndroidManifest.xml:17:1-31:12
MERGED from [com.android.support:support-media-compat:25.3.1] AndroidManifest.xml:17:1-31:12
MERGED from [com.android.support:support-core-utils:25.3.1] AndroidManifest.xml:17:1-31:12
MERGED from [com.android.support:support-core-ui:25.3.1] AndroidManifest.xml:17:1-31:12
MERGED from [com.android.support:animated-vector-drawable:25.3.1] AndroidManifest.xml:17:1-28:12
MERGED from [com.android.support:support-vector-drawable:25.3.1] AndroidManifest.xml:17:1-28:12
MERGED from [com.android.support:support-compat:25.3.1] AndroidManifest.xml:17:1-31:12
MERGED from [com.blankj:utilcode:1.22.5] AndroidManifest.xml:2:1-29:12
INJECTED from src\main\AndroidManifest.xml:2:1-45:12
INJECTED from src\main\AndroidManifest.xml:2:1-45:12
INJECTED from src\main\AndroidManifest.xml:2:1-45:12
	package
		ADDED from src\main\AndroidManifest.xml:4:5-35
		INJECTED from src\main\AndroidManifest.xml
		INJECTED from src\main\AndroidManifest.xml
	android:versionName
		ADDED from src\main\AndroidManifest.xml:5:29-54
		INJECTED from src\main\AndroidManifest.xml
		INJECTED from src\main\AndroidManifest.xml
	xmlns:tools
		ADDED from src\main\AndroidManifest.xml:3:5-51
	xmlns:android
		ADDED from src\main\AndroidManifest.xml:2:11-69
	android:versionCode
		ADDED from src\main\AndroidManifest.xml:5:5-28
		INJECTED from src\main\AndroidManifest.xml
		INJECTED from src\main\AndroidManifest.xml
supports-screens
ADDED from src\main\AndroidManifest.xml:7:5-13:40
	android:largeScreens
		ADDED from src\main\AndroidManifest.xml:9:9-36
	android:smallScreens
		ADDED from src\main\AndroidManifest.xml:12:9-36
	android:normalScreens
		ADDED from src\main\AndroidManifest.xml:10:9-37
	android:xlargeScreens
		ADDED from src\main\AndroidManifest.xml:13:9-37
	android:resizeable
		ADDED from src\main\AndroidManifest.xml:11:9-34
	android:anyDensity
		ADDED from src\main\AndroidManifest.xml:8:9-34
uses-permission#android.permission.INTERNET
ADDED from src\main\AndroidManifest.xml:15:5-67
MERGED from [:moduleIflyVoice] AndroidManifest.xml:13:5-67
MERGED from [:moduleIflyVoice] AndroidManifest.xml:13:5-67
	android:name
		ADDED from src\main\AndroidManifest.xml:15:22-64
uses-permission#android.permission.WRITE_EXTERNAL_STORAGE
ADDED from src\main\AndroidManifest.xml:16:5-81
MERGED from [:moduleIflyVoice] AndroidManifest.xml:20:5-81
MERGED from [:moduleIflyVoice] AndroidManifest.xml:20:5-81
MERGED from [:moduleUHF_I6310] AndroidManifest.xml:11:5-81
MERGED from [:moduleUHF_I6310] AndroidManifest.xml:11:5-81
	android:name
		ADDED from src\main\AndroidManifest.xml:16:22-78
uses-permission#android.permission.ACCESS_NETWORK_STATE
ADDED from src\main\AndroidManifest.xml:17:5-79
MERGED from [:moduleIflyVoice] AndroidManifest.xml:14:5-79
MERGED from [:moduleIflyVoice] AndroidManifest.xml:14:5-79
	android:name
		ADDED from src\main\AndroidManifest.xml:17:22-76
uses-permission#android.permission.ACCESS_WIFI_STATE
ADDED from src\main\AndroidManifest.xml:18:5-76
MERGED from [:moduleIflyVoice] AndroidManifest.xml:15:5-76
MERGED from [:moduleIflyVoice] AndroidManifest.xml:15:5-76
	android:name
		ADDED from src\main\AndroidManifest.xml:18:22-73
uses-permission#android.permission.VIBRATE
ADDED from src\main\AndroidManifest.xml:19:5-66
MERGED from [:moduleIflyVoice] AndroidManifest.xml:30:5-66
MERGED from [:moduleIflyVoice] AndroidManifest.xml:30:5-66
MERGED from [:moduleNotification] AndroidManifest.xml:11:5-66
MERGED from [:moduleNotification] AndroidManifest.xml:11:5-66
	android:name
		ADDED from src\main\AndroidManifest.xml:19:22-63
uses-permission#android.permission.READ_PHONE_STATE
ADDED from src\main\AndroidManifest.xml:20:5-75
MERGED from [:moduleIflyVoice] AndroidManifest.xml:17:5-75
MERGED from [:moduleIflyVoice] AndroidManifest.xml:17:5-75
	android:name
		ADDED from src\main\AndroidManifest.xml:20:22-72
application
ADDED from src\main\AndroidManifest.xml:22:5-43:19
MERGED from [:modulePdf] AndroidManifest.xml:13:5-23:19
MERGED from [:modulePdf] AndroidManifest.xml:13:5-23:19
MERGED from [:moduleUHF] AndroidManifest.xml:12:5-21:19
MERGED from [:moduleUHF] AndroidManifest.xml:12:5-21:19
MERGED from [:moduleNFC] AndroidManifest.xml:14:5-36:19
MERGED from [:moduleNFC] AndroidManifest.xml:14:5-36:19
MERGED from [:moduleIflyVoice] AndroidManifest.xml:35:5-144:19
MERGED from [:moduleIflyVoice] AndroidManifest.xml:35:5-144:19
MERGED from [:moduleProcessAlive] AndroidManifest.xml:13:5-34:19
MERGED from [:moduleProcessAlive] AndroidManifest.xml:13:5-34:19
MERGED from [:moduleUHF18000_6C] AndroidManifest.xml:12:5-21:19
MERGED from [:moduleUHF18000_6C] AndroidManifest.xml:12:5-21:19
MERGED from [:moduleUHF_I6310] AndroidManifest.xml:13:5-23:19
MERGED from [:moduleUHF_I6310] AndroidManifest.xml:13:5-23:19
MERGED from [com.android.support:appcompat-v7:25.3.1] AndroidManifest.xml:29:5-20
MERGED from [com.android.support:appcompat-v7:25.3.1] AndroidManifest.xml:29:5-20
MERGED from [:moduleDemo] AndroidManifest.xml:11:5-20:19
MERGED from [:moduleDemo] AndroidManifest.xml:11:5-20:19
MERGED from [:moduleScrollPicture] AndroidManifest.xml:11:5-15:19
MERGED from [:moduleScrollPicture] AndroidManifest.xml:11:5-15:19
MERGED from [:moduleSyncInterface] AndroidManifest.xml:11:5-15:19
MERGED from [:moduleSyncInterface] AndroidManifest.xml:11:5-15:19
MERGED from [:moduleRefresh] AndroidManifest.xml:11:5-15:19
MERGED from [:moduleRefresh] AndroidManifest.xml:11:5-15:19
MERGED from [com.android.support:support-v4:25.3.1] AndroidManifest.xml:29:5-20
MERGED from [com.android.support:support-v4:25.3.1] AndroidManifest.xml:29:5-20
MERGED from [com.android.support:support-fragment:25.3.1] AndroidManifest.xml:29:5-20
MERGED from [com.android.support:support-fragment:25.3.1] AndroidManifest.xml:29:5-20
MERGED from [com.android.support:support-media-compat:25.3.1] AndroidManifest.xml:29:5-20
MERGED from [com.android.support:support-media-compat:25.3.1] AndroidManifest.xml:29:5-20
MERGED from [com.android.support:support-core-utils:25.3.1] AndroidManifest.xml:29:5-20
MERGED from [com.android.support:support-core-utils:25.3.1] AndroidManifest.xml:29:5-20
MERGED from [com.android.support:support-core-ui:25.3.1] AndroidManifest.xml:29:5-20
MERGED from [com.android.support:support-core-ui:25.3.1] AndroidManifest.xml:29:5-20
MERGED from [com.android.support:animated-vector-drawable:25.3.1] AndroidManifest.xml:26:5-20
MERGED from [com.android.support:animated-vector-drawable:25.3.1] AndroidManifest.xml:26:5-20
MERGED from [com.android.support:support-vector-drawable:25.3.1] AndroidManifest.xml:26:5-20
MERGED from [com.android.support:support-vector-drawable:25.3.1] AndroidManifest.xml:26:5-20
MERGED from [com.android.support:support-compat:25.3.1] AndroidManifest.xml:29:5-20
MERGED from [com.android.support:support-compat:25.3.1] AndroidManifest.xml:29:5-20
MERGED from [com.blankj:utilcode:1.22.5] AndroidManifest.xml:9:5-27:19
MERGED from [com.blankj:utilcode:1.22.5] AndroidManifest.xml:9:5-27:19
	android:supportsRtl
		ADDED from [:modulePdf] AndroidManifest.xml:16:9-35
	android:label
		ADDED from src\main\AndroidManifest.xml:25:9-41
	android:hardwareAccelerated
		ADDED from src\main\AndroidManifest.xml:27:9-43
	android:largeHeap
		ADDED from src\main\AndroidManifest.xml:26:9-33
	android:icon
		ADDED from src\main\AndroidManifest.xml:24:9-41
		REJECTED from [:moduleUHF_I6310] AndroidManifest.xml:15:9-45
	android:allowBackup
		ADDED from src\main\AndroidManifest.xml:23:9-36
		REJECTED from [:modulePdf] AndroidManifest.xml:14:9-35
		REJECTED from [:moduleUHF] AndroidManifest.xml:13:9-35
		REJECTED from [:moduleNFC] AndroidManifest.xml:15:9-35
		REJECTED from [:moduleIflyVoice] AndroidManifest.xml:36:9-35
		REJECTED from [:moduleProcessAlive] AndroidManifest.xml:14:9-35
		REJECTED from [:moduleUHF18000_6C] AndroidManifest.xml:13:9-35
		REJECTED from [:moduleUHF_I6310] AndroidManifest.xml:14:9-35
		REJECTED from [:moduleDemo] AndroidManifest.xml:12:9-35
		REJECTED from [:moduleScrollPicture] AndroidManifest.xml:12:9-35
		REJECTED from [:moduleSyncInterface] AndroidManifest.xml:12:9-35
		REJECTED from [:moduleRefresh] AndroidManifest.xml:12:9-35
	android:theme
		ADDED from [:moduleUHF_I6310] AndroidManifest.xml:17:9-43
	tools:replace
		ADDED from src\main\AndroidManifest.xml:28:9-57
	android:name
		ADDED from src\main\AndroidManifest.xml:22:18-66
meta-data#uz_version
ADDED from src\main\AndroidManifest.xml:30:9-70
	android:value
		ADDED from src\main\AndroidManifest.xml:30:46-67
	android:name
		ADDED from src\main\AndroidManifest.xml:30:20-45
activity#com.uzmap.pkg.EntranceActivity
ADDED from src\main\AndroidManifest.xml:32:9-42:20
	android:screenOrientation
		ADDED from src\main\AndroidManifest.xml:36:13-49
	android:label
		ADDED from src\main\AndroidManifest.xml:34:13-45
	android:configChanges
		ADDED from src\main\AndroidManifest.xml:37:13-122
	android:theme
		ADDED from src\main\AndroidManifest.xml:35:13-44
	android:name
		ADDED from src\main\AndroidManifest.xml:33:13-58
intent-filter#action:name:android.intent.action.MAIN+category:name:android.intent.category.LAUNCHER
ADDED from src\main\AndroidManifest.xml:38:13-41:29
action#android.intent.action.MAIN
ADDED from src\main\AndroidManifest.xml:39:17-69
	android:name
		ADDED from src\main\AndroidManifest.xml:39:25-66
category#android.intent.category.LAUNCHER
ADDED from src\main\AndroidManifest.xml:40:17-77
	android:name
		ADDED from src\main\AndroidManifest.xml:40:27-74
uses-sdk
INJECTED from src\main\AndroidManifest.xml reason: use-sdk injection requested
INJECTED from src\main\AndroidManifest.xml
INJECTED from src\main\AndroidManifest.xml
MERGED from [:moduleApi] AndroidManifest.xml:7:5-9:41
MERGED from [:moduleApi] AndroidManifest.xml:7:5-9:41
MERGED from [:modulePdf] AndroidManifest.xml:8:5-10:41
MERGED from [:modulePdf] AndroidManifest.xml:8:5-10:41
MERGED from [:moduleUHF] AndroidManifest.xml:7:5-9:41
MERGED from [:moduleUHF] AndroidManifest.xml:7:5-9:41
MERGED from [:moduleNFC] AndroidManifest.xml:7:5-9:41
MERGED from [:moduleNFC] AndroidManifest.xml:7:5-9:41
MERGED from [:moduleIflyVoice] AndroidManifest.xml:7:5-9:41
MERGED from [:moduleIflyVoice] AndroidManifest.xml:7:5-9:41
MERGED from [:moduleProcessAlive] AndroidManifest.xml:7:5-9:41
MERGED from [:moduleProcessAlive] AndroidManifest.xml:7:5-9:41
MERGED from [:moduleNotification] AndroidManifest.xml:7:5-9:41
MERGED from [:moduleNotification] AndroidManifest.xml:7:5-9:41
MERGED from [:moduleUHF18000_6C] AndroidManifest.xml:7:5-9:41
MERGED from [:moduleUHF18000_6C] AndroidManifest.xml:7:5-9:41
MERGED from [:moduleUHF_I6310] AndroidManifest.xml:7:5-9:41
MERGED from [:moduleUHF_I6310] AndroidManifest.xml:7:5-9:41
MERGED from [com.android.support:appcompat-v7:25.3.1] AndroidManifest.xml:21:5-23:78
MERGED from [com.android.support:appcompat-v7:25.3.1] AndroidManifest.xml:21:5-23:78
MERGED from [com.android.support:multidex:1.0.2] AndroidManifest.xml:20:5-43
MERGED from [com.android.support:multidex:1.0.2] AndroidManifest.xml:20:5-43
MERGED from [:moduleDemo] AndroidManifest.xml:7:5-9:41
MERGED from [:moduleDemo] AndroidManifest.xml:7:5-9:41
MERGED from [:moduleScrollPicture] AndroidManifest.xml:7:5-9:41
MERGED from [:moduleScrollPicture] AndroidManifest.xml:7:5-9:41
MERGED from [:moduleSyncInterface] AndroidManifest.xml:7:5-9:41
MERGED from [:moduleSyncInterface] AndroidManifest.xml:7:5-9:41
MERGED from [:moduleRefresh] AndroidManifest.xml:7:5-9:41
MERGED from [:moduleRefresh] AndroidManifest.xml:7:5-9:41
MERGED from [:moduleAppdelegate] AndroidManifest.xml:7:5-9:41
MERGED from [:moduleAppdelegate] AndroidManifest.xml:7:5-9:41
MERGED from [com.android.support:support-v4:25.3.1] AndroidManifest.xml:21:5-23:54
MERGED from [com.android.support:support-v4:25.3.1] AndroidManifest.xml:21:5-23:54
MERGED from [com.android.support:support-fragment:25.3.1] AndroidManifest.xml:21:5-23:60
MERGED from [com.android.support:support-fragment:25.3.1] AndroidManifest.xml:21:5-23:60
MERGED from [com.android.support:support-media-compat:25.3.1] AndroidManifest.xml:21:5-23:63
MERGED from [com.android.support:support-media-compat:25.3.1] AndroidManifest.xml:21:5-23:63
MERGED from [com.android.support:support-core-utils:25.3.1] AndroidManifest.xml:21:5-23:61
MERGED from [com.android.support:support-core-utils:25.3.1] AndroidManifest.xml:21:5-23:61
MERGED from [com.android.support:support-core-ui:25.3.1] AndroidManifest.xml:21:5-23:58
MERGED from [com.android.support:support-core-ui:25.3.1] AndroidManifest.xml:21:5-23:58
MERGED from [com.android.support:animated-vector-drawable:25.3.1] AndroidManifest.xml:20:5-44
MERGED from [com.android.support:animated-vector-drawable:25.3.1] AndroidManifest.xml:20:5-44
MERGED from [com.android.support:support-vector-drawable:25.3.1] AndroidManifest.xml:20:5-43
MERGED from [com.android.support:support-vector-drawable:25.3.1] AndroidManifest.xml:20:5-43
MERGED from [com.android.support:support-compat:25.3.1] AndroidManifest.xml:21:5-23:58
MERGED from [com.android.support:support-compat:25.3.1] AndroidManifest.xml:21:5-23:58
MERGED from [com.blankj:utilcode:1.22.5] AndroidManifest.xml:7:5-44
MERGED from [com.blankj:utilcode:1.22.5] AndroidManifest.xml:7:5-44
INJECTED from src\main\AndroidManifest.xml
INJECTED from src\main\AndroidManifest.xml
	tools:overrideLibrary
		ADDED from [com.android.support:appcompat-v7:25.3.1] AndroidManifest.xml:23:9-75
	android:targetSdkVersion
		INJECTED from src\main\AndroidManifest.xml
		ADDED from src\main\AndroidManifest.xml
		INJECTED from src\main\AndroidManifest.xml
	android:minSdkVersion
		INJECTED from src\main\AndroidManifest.xml
		ADDED from src\main\AndroidManifest.xml
		INJECTED from src\main\AndroidManifest.xml
activity#com.epichust.modulepdf.PdfActivity
ADDED from [:modulePdf] AndroidManifest.xml:17:9-22:52
	android:screenOrientation
		ADDED from [:modulePdf] AndroidManifest.xml:20:13-49
	android:configChanges
		ADDED from [:modulePdf] AndroidManifest.xml:19:13-55
	tools:targetApi
		ADDED from [:modulePdf] AndroidManifest.xml:22:13-49
	android:theme
		ADDED from [:modulePdf] AndroidManifest.xml:21:13-81
	android:name
		ADDED from [:modulePdf] AndroidManifest.xml:18:13-62
activity#com.cus.maguhf.ReadWriteActivity
ADDED from [:moduleUHF] AndroidManifest.xml:16:9-20:84
	android:screenOrientation
		ADDED from [:moduleUHF] AndroidManifest.xml:19:13-49
	android:configChanges
		ADDED from [:moduleUHF] AndroidManifest.xml:18:13-55
	android:theme
		ADDED from [:moduleUHF] AndroidManifest.xml:20:13-81
	android:name
		ADDED from [:moduleUHF] AndroidManifest.xml:17:13-60
uses-permission#android.permission.NFC
ADDED from [:moduleNFC] AndroidManifest.xml:11:5-62
	android:name
		ADDED from [:moduleNFC] AndroidManifest.xml:11:22-59
activity#com.epichust.nfc.NFCReadActivity
ADDED from [:moduleNFC] AndroidManifest.xml:23:9-35:20
	android:screenOrientation
		ADDED from [:moduleNFC] AndroidManifest.xml:26:13-49
	android:launchMode
		ADDED from [:moduleNFC] AndroidManifest.xml:25:13-43
	android:theme
		ADDED from [:moduleNFC] AndroidManifest.xml:27:13-72
	android:name
		ADDED from [:moduleNFC] AndroidManifest.xml:24:13-60
uses-permission#android.permission.RECORD_AUDIO
ADDED from [:moduleIflyVoice] AndroidManifest.xml:12:5-71
	android:name
		ADDED from [:moduleIflyVoice] AndroidManifest.xml:12:22-68
uses-permission#android.permission.CHANGE_NETWORK_STATE
ADDED from [:moduleIflyVoice] AndroidManifest.xml:16:5-79
	android:name
		ADDED from [:moduleIflyVoice] AndroidManifest.xml:16:22-76
uses-permission#android.permission.ACCESS_FINE_LOCATION
ADDED from [:moduleIflyVoice] AndroidManifest.xml:18:5-79
	android:name
		ADDED from [:moduleIflyVoice] AndroidManifest.xml:18:22-76
uses-permission#android.permission.READ_CONTACTS
ADDED from [:moduleIflyVoice] AndroidManifest.xml:19:5-72
	android:name
		ADDED from [:moduleIflyVoice] AndroidManifest.xml:19:22-69
uses-permission#android.permission.READ_EXTERNAL_STORAGE
ADDED from [:moduleIflyVoice] AndroidManifest.xml:21:5-80
	android:name
		ADDED from [:moduleIflyVoice] AndroidManifest.xml:21:22-77
uses-permission#android.permission.ACCESS_COARSE_LOCATION
ADDED from [:moduleIflyVoice] AndroidManifest.xml:23:5-81
	android:name
		ADDED from [:moduleIflyVoice] AndroidManifest.xml:23:22-78
uses-permission#android.permission.CAMERA
ADDED from [:moduleIflyVoice] AndroidManifest.xml:24:5-65
	android:name
		ADDED from [:moduleIflyVoice] AndroidManifest.xml:24:22-62
uses-permission#android.permission.FLASHLIGHT
ADDED from [:moduleIflyVoice] AndroidManifest.xml:25:5-69
	android:name
		ADDED from [:moduleIflyVoice] AndroidManifest.xml:25:22-66
uses-feature#android.hardware.camera
ADDED from [:moduleIflyVoice] AndroidManifest.xml:27:5-60
	android:name
		ADDED from [:moduleIflyVoice] AndroidManifest.xml:27:19-57
uses-feature#android.hardware.camera.autofocus
ADDED from [:moduleIflyVoice] AndroidManifest.xml:28:5-70
	android:name
		ADDED from [:moduleIflyVoice] AndroidManifest.xml:28:19-67
uses-permission#android.permission.WAKE_LOCK
ADDED from [:moduleIflyVoice] AndroidManifest.xml:31:5-68
	android:name
		ADDED from [:moduleIflyVoice] AndroidManifest.xml:31:22-65
uses-permission#android.permission.DISABLE_KEYGUARD
ADDED from [:moduleIflyVoice] AndroidManifest.xml:32:5-75
	android:name
		ADDED from [:moduleIflyVoice] AndroidManifest.xml:32:22-72
activity#com.iflytek.voicedemo.IvwActivity
ADDED from [:moduleIflyVoice] AndroidManifest.xml:39:9-42:52
	android:screenOrientation
		ADDED from [:moduleIflyVoice] AndroidManifest.xml:42:13-49
	android:configChanges
		ADDED from [:moduleIflyVoice] AndroidManifest.xml:41:13-55
	android:name
		ADDED from [:moduleIflyVoice] AndroidManifest.xml:40:13-61
activity#com.iflytek.speech.setting.TtsSettings
ADDED from [:moduleIflyVoice] AndroidManifest.xml:43:9-44:20
	android:name
		ADDED from [:moduleIflyVoice] AndroidManifest.xml:43:19-72
activity#com.iflytek.speech.setting.IatSettings
ADDED from [:moduleIflyVoice] AndroidManifest.xml:45:9-46:20
	android:name
		ADDED from [:moduleIflyVoice] AndroidManifest.xml:45:19-72
activity#com.iflytek.voicedemo.IatDemo
ADDED from [:moduleIflyVoice] AndroidManifest.xml:47:9-51:20
	android:screenOrientation
		ADDED from [:moduleIflyVoice] AndroidManifest.xml:50:13-52
	android:configChanges
		ADDED from [:moduleIflyVoice] AndroidManifest.xml:49:13-133
	android:name
		ADDED from [:moduleIflyVoice] AndroidManifest.xml:48:13-57
activity#com.iflytek.voicedemo.AsrDemo
ADDED from [:moduleIflyVoice] AndroidManifest.xml:52:9-56:20
	android:screenOrientation
		ADDED from [:moduleIflyVoice] AndroidManifest.xml:55:13-52
	android:configChanges
		ADDED from [:moduleIflyVoice] AndroidManifest.xml:54:13-133
	android:name
		ADDED from [:moduleIflyVoice] AndroidManifest.xml:53:13-57
activity#com.iflytek.voicedemo.TtsDemo
ADDED from [:moduleIflyVoice] AndroidManifest.xml:57:9-61:20
	android:screenOrientation
		ADDED from [:moduleIflyVoice] AndroidManifest.xml:60:13-52
	android:configChanges
		ADDED from [:moduleIflyVoice] AndroidManifest.xml:59:13-133
	android:name
		ADDED from [:moduleIflyVoice] AndroidManifest.xml:58:13-57
activity#com.iflytek.voicedemo.IseDemo
ADDED from [:moduleIflyVoice] AndroidManifest.xml:62:9-66:20
	android:screenOrientation
		ADDED from [:moduleIflyVoice] AndroidManifest.xml:65:13-52
	android:configChanges
		ADDED from [:moduleIflyVoice] AndroidManifest.xml:64:13-133
	android:name
		ADDED from [:moduleIflyVoice] AndroidManifest.xml:63:13-57
activity#com.iflytek.voicedemo.vocalverify.VocalVerifyDemo
ADDED from [:moduleIflyVoice] AndroidManifest.xml:67:9-71:20
	android:screenOrientation
		ADDED from [:moduleIflyVoice] AndroidManifest.xml:70:13-52
	android:configChanges
		ADDED from [:moduleIflyVoice] AndroidManifest.xml:69:13-133
	android:name
		ADDED from [:moduleIflyVoice] AndroidManifest.xml:68:13-77
activity#com.iflytek.voicedemo.faceonline.OnlineFaceDemo
ADDED from [:moduleIflyVoice] AndroidManifest.xml:72:9-76:20
	android:screenOrientation
		ADDED from [:moduleIflyVoice] AndroidManifest.xml:75:13-49
	android:configChanges
		ADDED from [:moduleIflyVoice] AndroidManifest.xml:74:13-133
	android:name
		ADDED from [:moduleIflyVoice] AndroidManifest.xml:73:13-75
activity#com.iflytek.voicedemo.IdentifyGroup.GroupManagerActivity
ADDED from [:moduleIflyVoice] AndroidManifest.xml:77:9-81:20
	android:screenOrientation
		ADDED from [:moduleIflyVoice] AndroidManifest.xml:80:13-52
	android:configChanges
		ADDED from [:moduleIflyVoice] AndroidManifest.xml:79:13-133
	android:name
		ADDED from [:moduleIflyVoice] AndroidManifest.xml:78:13-84
activity#com.iflytek.voicedemo.IdentifyGroup.FaceIdentifyActivity
ADDED from [:moduleIflyVoice] AndroidManifest.xml:82:9-86:20
	android:screenOrientation
		ADDED from [:moduleIflyVoice] AndroidManifest.xml:85:13-52
	android:configChanges
		ADDED from [:moduleIflyVoice] AndroidManifest.xml:84:13-133
	android:name
		ADDED from [:moduleIflyVoice] AndroidManifest.xml:83:13-84
activity#com.iflytek.voicedemo.IdentifyGroup.VocalIdentifyActivity
ADDED from [:moduleIflyVoice] AndroidManifest.xml:87:9-91:20
	android:screenOrientation
		ADDED from [:moduleIflyVoice] AndroidManifest.xml:90:13-52
	android:configChanges
		ADDED from [:moduleIflyVoice] AndroidManifest.xml:89:13-133
	android:name
		ADDED from [:moduleIflyVoice] AndroidManifest.xml:88:13-85
activity#com.iflytek.voicedemo.IdentifyGroup.ResultIdentifyActivity
ADDED from [:moduleIflyVoice] AndroidManifest.xml:92:9-96:20
	android:screenOrientation
		ADDED from [:moduleIflyVoice] AndroidManifest.xml:95:13-52
	android:configChanges
		ADDED from [:moduleIflyVoice] AndroidManifest.xml:94:13-133
	android:name
		ADDED from [:moduleIflyVoice] AndroidManifest.xml:93:13-86
activity#com.iflytek.speech.setting.IseSettings
ADDED from [:moduleIflyVoice] AndroidManifest.xml:97:9-101:20
	android:screenOrientation
		ADDED from [:moduleIflyVoice] AndroidManifest.xml:100:13-52
	android:configChanges
		ADDED from [:moduleIflyVoice] AndroidManifest.xml:99:13-133
	android:name
		ADDED from [:moduleIflyVoice] AndroidManifest.xml:98:13-66
activity#com.iflytek.speech.setting.UrlSettings
ADDED from [:moduleIflyVoice] AndroidManifest.xml:102:9-106:20
	android:screenOrientation
		ADDED from [:moduleIflyVoice] AndroidManifest.xml:105:13-52
	android:configChanges
		ADDED from [:moduleIflyVoice] AndroidManifest.xml:104:13-133
	android:name
		ADDED from [:moduleIflyVoice] AndroidManifest.xml:103:13-66
activity#com.iflytek.voicedemo.WakeDemo
ADDED from [:moduleIflyVoice] AndroidManifest.xml:113:9-117:20
	android:screenOrientation
		ADDED from [:moduleIflyVoice] AndroidManifest.xml:116:13-52
	android:configChanges
		ADDED from [:moduleIflyVoice] AndroidManifest.xml:115:13-133
	android:name
		ADDED from [:moduleIflyVoice] AndroidManifest.xml:114:13-58
activity#com.iflytek.voicedemo.OneShotDemo
ADDED from [:moduleIflyVoice] AndroidManifest.xml:118:9-122:20
	android:screenOrientation
		ADDED from [:moduleIflyVoice] AndroidManifest.xml:121:13-52
	android:configChanges
		ADDED from [:moduleIflyVoice] AndroidManifest.xml:120:13-133
	android:name
		ADDED from [:moduleIflyVoice] AndroidManifest.xml:119:13-61
meta-data#IFLYTEK_APPKEY
ADDED from [:moduleIflyVoice] AndroidManifest.xml:124:9-126:52
	android:value
		ADDED from [:moduleIflyVoice] AndroidManifest.xml:126:13-49
	android:name
		ADDED from [:moduleIflyVoice] AndroidManifest.xml:125:13-42
meta-data#IFLYTEK_CHANNEL
ADDED from [:moduleIflyVoice] AndroidManifest.xml:127:9-129:44
	android:value
		ADDED from [:moduleIflyVoice] AndroidManifest.xml:129:13-41
	android:name
		ADDED from [:moduleIflyVoice] AndroidManifest.xml:128:13-43
receiver#com.epichust.voice.AdminReceiver
ADDED from [:moduleIflyVoice] AndroidManifest.xml:131:9-143:20
	android:label
		ADDED from [:moduleIflyVoice] AndroidManifest.xml:134:13-56
	android:permission
		ADDED from [:moduleIflyVoice] AndroidManifest.xml:135:13-70
	android:description
		ADDED from [:moduleIflyVoice] AndroidManifest.xml:133:13-74
	android:name
		ADDED from [:moduleIflyVoice] AndroidManifest.xml:132:13-60
meta-data#android.app.device_admin
ADDED from [:moduleIflyVoice] AndroidManifest.xml:136:13-138:63
	android:resource
		ADDED from [:moduleIflyVoice] AndroidManifest.xml:138:17-60
	android:name
		ADDED from [:moduleIflyVoice] AndroidManifest.xml:137:17-56
intent-filter#action:name:android.app.action.DEVICE_ADMIN_ENABLED
ADDED from [:moduleIflyVoice] AndroidManifest.xml:140:13-142:29
action#android.app.action.DEVICE_ADMIN_ENABLED
ADDED from [:moduleIflyVoice] AndroidManifest.xml:141:17-82
	android:name
		ADDED from [:moduleIflyVoice] AndroidManifest.xml:141:25-79
uses-permission#android.permission.REQUEST_IGNORE_BATTERY_OPTIMIZATIONS
ADDED from [:moduleProcessAlive] AndroidManifest.xml:11:5-95
	android:name
		ADDED from [:moduleProcessAlive] AndroidManifest.xml:11:22-92
activity#cn.yuanbao.processalive.MainActivity
ADDED from [:moduleProcessAlive] AndroidManifest.xml:17:9-18:20
	android:name
		ADDED from [:moduleProcessAlive] AndroidManifest.xml:17:19-70
service#cn.yuanbao.processalive.WorkService
ADDED from [:moduleProcessAlive] AndroidManifest.xml:20:9-23:39
	android:enabled
		ADDED from [:moduleProcessAlive] AndroidManifest.xml:22:13-35
	android:exported
		ADDED from [:moduleProcessAlive] AndroidManifest.xml:23:13-36
	android:name
		ADDED from [:moduleProcessAlive] AndroidManifest.xml:21:13-63
service#cn.yuanbao.processalive.DaemonService
ADDED from [:moduleProcessAlive] AndroidManifest.xml:24:9-28:48
	android:process
		ADDED from [:moduleProcessAlive] AndroidManifest.xml:28:13-45
	android:enabled
		ADDED from [:moduleProcessAlive] AndroidManifest.xml:26:13-35
	android:exported
		ADDED from [:moduleProcessAlive] AndroidManifest.xml:27:13-36
	android:name
		ADDED from [:moduleProcessAlive] AndroidManifest.xml:25:13-65
service#cn.yuanbao.processalive.JobWakeUpService
ADDED from [:moduleProcessAlive] AndroidManifest.xml:29:9-33:72
	android:enabled
		ADDED from [:moduleProcessAlive] AndroidManifest.xml:31:13-35
	android:exported
		ADDED from [:moduleProcessAlive] AndroidManifest.xml:32:13-36
	android:permission
		ADDED from [:moduleProcessAlive] AndroidManifest.xml:33:13-69
	android:name
		ADDED from [:moduleProcessAlive] AndroidManifest.xml:30:13-68
activity#com.handheld.uhfdemo1.UHFActivity
ADDED from [:moduleUHF18000_6C] AndroidManifest.xml:16:9-20:84
	android:screenOrientation
		ADDED from [:moduleUHF18000_6C] AndroidManifest.xml:19:13-49
	android:configChanges
		ADDED from [:moduleUHF18000_6C] AndroidManifest.xml:18:13-55
	android:theme
		ADDED from [:moduleUHF18000_6C] AndroidManifest.xml:20:13-81
	android:name
		ADDED from [:moduleUHF18000_6C] AndroidManifest.xml:17:13-61
activity#com.example.uhf.activity.UHFMainActivity
ADDED from [:moduleUHF_I6310] AndroidManifest.xml:18:9-22:20
	android:screenOrientation
		ADDED from [:moduleUHF_I6310] AndroidManifest.xml:21:13-49
	android:label
		ADDED from [:moduleUHF_I6310] AndroidManifest.xml:20:13-45
	android:name
		ADDED from [:moduleUHF_I6310] AndroidManifest.xml:19:13-68
meta-data#android.support.VERSION
ADDED from [com.android.support:appcompat-v7:25.3.1] AndroidManifest.xml:25:5-27:34
MERGED from [com.android.support:support-v4:25.3.1] AndroidManifest.xml:25:5-27:34
MERGED from [com.android.support:support-v4:25.3.1] AndroidManifest.xml:25:5-27:34
MERGED from [com.android.support:support-fragment:25.3.1] AndroidManifest.xml:25:5-27:34
MERGED from [com.android.support:support-fragment:25.3.1] AndroidManifest.xml:25:5-27:34
MERGED from [com.android.support:support-media-compat:25.3.1] AndroidManifest.xml:25:5-27:34
MERGED from [com.android.support:support-media-compat:25.3.1] AndroidManifest.xml:25:5-27:34
MERGED from [com.android.support:support-core-utils:25.3.1] AndroidManifest.xml:25:5-27:34
MERGED from [com.android.support:support-core-utils:25.3.1] AndroidManifest.xml:25:5-27:34
MERGED from [com.android.support:support-core-ui:25.3.1] AndroidManifest.xml:25:5-27:34
MERGED from [com.android.support:support-core-ui:25.3.1] AndroidManifest.xml:25:5-27:34
MERGED from [com.android.support:animated-vector-drawable:25.3.1] AndroidManifest.xml:22:5-24:34
MERGED from [com.android.support:animated-vector-drawable:25.3.1] AndroidManifest.xml:22:5-24:34
MERGED from [com.android.support:support-vector-drawable:25.3.1] AndroidManifest.xml:22:5-24:34
MERGED from [com.android.support:support-vector-drawable:25.3.1] AndroidManifest.xml:22:5-24:34
MERGED from [com.android.support:support-compat:25.3.1] AndroidManifest.xml:25:5-27:34
MERGED from [com.android.support:support-compat:25.3.1] AndroidManifest.xml:25:5-27:34
	android:value
		ADDED from [com.android.support:appcompat-v7:25.3.1] AndroidManifest.xml:27:9-31
	android:name